{"timestamp":"2026-06-02T17:59:59.090+0000","rule":{"level":15,"description":"Executable file dropped in folder commonly used by malware","id":"92213","mitre":{"id":["T1105"],"tactic":["Command and Control"],"technique":["Ingress Tool Transfer"]},"firedtimes":119,"mail":true,"groups":["sysmon","sysmon_eid11_detections","windows"]},"agent":{"id":"001","name":"RehanIdePad","ip":"127.0.0.1"},"manager":{"name":"wazuh.manager"},"id":"1780423199.5484264","decoder":{"name":"windows_eventchannel"},"data":{"win":{"system":{"providerName":"Microsoft-Windows-Sysmon","providerGuid":"{5770385f-c22a-43e0-bf4c-06f5698ffbd9}","eventID":"11","version":"2","level":"4","task":"11","opcode":"0","keywords":"0x8000000000000000","systemTime":"2026-06-02T17:59:58.1020813Z","eventRecordID":"336","processID":"28304","threadID":"29592","channel":"Microsoft-Windows-Sysmon/Operational","computer":"REHANSIDEAPAD","severityValue":"INFORMATION","message":"\"File created:\r\nRuleName: -\r\nUtcTime: 2026-06-02 17:59:57.918\r\nProcessGuid: {0b86c69b-19f9-6a1f-7326-000000001200}\r\nProcessId: 26208\r\nImage: C:\\WINDOWS\\System32\\WindowsPowerShell\\v1.0\\powershell.exe\r\nTargetFilename: C:\\Users\\rehan\\AppData\\Local\\Temp\\__PSScriptPolicyTest_zxhrvxv1.23g.ps1\r\nCreationUtcTime: 2026-06-02 17:59:57.918\r\nUser: REHANSIDEAPAD\\rehan\""},"eventdata":{"utcTime":"2026-06-02 17:59:57.918","processGuid":"{0b86c69b-19f9-6a1f-7326-000000001200}","processId":"26208","image":"C:\\\\WINDOWS\\\\System32\\\\WindowsPowerShell\\\\v1.0\\\\powershell.exe","targetFilename":"C:\\\\Users\\\\rehan\\\\AppData\\\\Local\\\\Temp\\\\__PSScriptPolicyTest_zxhrvxv1.23g.ps1","creationUtcTime":"2026-06-02 17:59:57.918","user":"REHANSIDEAPAD\\\\rehan"}}},"location":"EventChannel"}
{"timestamp":"2026-06-02T18:00:20.207+0000","rule":{"level":15,"description":"Executable file dropped in folder commonly used by malware","id":"92213","mitre":{"id":["T1105"],"tactic":["Command and Control"],"technique":["Ingress Tool Transfer"]},"firedtimes":1,"mail":true,"groups":["sysmon","sysmon_eid11_detections","windows"]},"agent":{"id":"001","name":"RehanIdePad","ip":"127.0.0.1"},"manager":{"name":"wazuh.manager"},"id":"1780423220.5487040","decoder":{"name":"windows_eventchannel"},"data":{"win":{"system":{"providerName":"Microsoft-Windows-Sysmon","providerGuid":"{5770385f-c22a-43e0-bf4c-06f5698ffbd9}","eventID":"11","version":"2","level":"4","task":"11","opcode":"0","keywords":"0x8000000000000000","systemTime":"2026-06-02T18:00:19.1698202Z","eventRecordID":"356","processID":"28304","threadID":"29592","channel":"Microsoft-Windows-Sysmon/Operational","computer":"REHANSIDEAPAD","severityValue":"INFORMATION","message":"\"File created:\r\nRuleName: -\r\nUtcTime: 2026-06-02 18:00:16.335\r\nProcessGuid: {0b86c69b-1a2f-6a1f-8626-000000001200}\r\nProcessId: 18600\r\nImage: C:\\WINDOWS\\System32\\WindowsPowerShell\\v1.0\\powershell.exe\r\nTargetFilename: C:\\Users\\rehan\\AppData\\Local\\Temp\\__PSScriptPolicyTest_rc0rpwwy.d4v.ps1\r\nCreationUtcTime: 2026-06-02 18:00:16.335\r\nUser: REHANSIDEAPAD\\rehan\""},"eventdata":{"utcTime":"2026-06-02 18:00:16.335","processGuid":"{0b86c69b-1a2f-6a1f-8626-000000001200}","processId":"18600","image":"C:\\\\WINDOWS\\\\System32\\\\WindowsPowerShell\\\\v1.0\\\\powershell.exe","targetFilename":"C:\\\\Users\\\\rehan\\\\AppData\\\\Local\\\\Temp\\\\__PSScriptPolicyTest_rc0rpwwy.d4v.ps1","creationUtcTime":"2026-06-02 18:00:16.335","user":"REHANSIDEAPAD\\\\rehan"}}},"location":"EventChannel"}
{"timestamp":"2026-06-02T18:00:21.660+0000","rule":{"level":15,"description":"Executable file dropped in folder commonly used by malware","id":"92213","mitre":{"id":["T1105"],"tactic":["Command and Control"],"technique":["Ingress Tool Transfer"]},"firedtimes":2,"mail":true,"groups":["sysmon","sysmon_eid11_detections","windows"]},"agent":{"id":"001","name":"RehanIdePad","ip":"127.0.0.1"},"manager":{"name":"wazuh.manager"},"id":"1780423221.5489816","decoder":{"name":"windows_eventchannel"},"data":{"win":{"system":{"providerName":"Microsoft-Windows-Sysmon","providerGuid":"{5770385f-c22a-43e0-bf4c-06f5698ffbd9}","eventID":"11","version":"2","level":"4","task":"11","opcode":"0","keywords":"0x8000000000000000","systemTime":"2026-06-02T18:00:20.6713343Z","eventRecordID":"358","processID":"28304","threadID":"29592","channel":"Microsoft-Windows-Sysmon/Operational","computer":"REHANSIDEAPAD","severityValue":"INFORMATION","message":"\"File created:\r\nRuleName: DLL\r\nUtcTime: 2026-06-02 18:00:17.977\r\nProcessGuid: {0b86c69b-1a31-6a1f-8726-000000001200}\r\nProcessId: 28472\r\nImage: C:\\Users\\rehan\\Downloads\\LightningDrops_v2 (2).exe\r\nTargetFilename: C:\\Users\\rehan\\AppData\\Local\\Temp\\_MEI284722\\VCRUNTIME140.dll\r\nCreationUtcTime: 2026-06-02 18:00:17.977\r\nUser: REHANSIDEAPAD\\rehan\""},"eventdata":{"ruleName":"DLL","utcTime":"2026-06-02 18:00:17.977","processGuid":"{0b86c69b-1a31-6a1f-8726-000000001200}","processId":"28472","image":"C:\\\\Users\\\\rehan\\\\Downloads\\\\LightningDrops_v2 (2).exe","targetFilename":"C:\\\\Users\\\\rehan\\\\AppData\\\\Local\\\\Temp\\\\_MEI284722\\\\VCRUNTIME140.dll","creationUtcTime":"2026-06-02 18:00:17.977","user":"REHANSIDEAPAD\\\\rehan"}}},"location":"EventChannel"}
{"timestamp":"2026-06-02T18:00:21.664+0000","rule":{"level":15,"description":"Executable file dropped in folder commonly used by malware","id":"92213","mitre":{"id":["T1105"],"tactic":["Command and Control"],"technique":["Ingress Tool Transfer"]},"firedtimes":3,"mail":true,"groups":["sysmon","sysmon_eid11_detections","windows"]},"agent":{"id":"001","name":"RehanIdePad","ip":"127.0.0.1"},"manager":{"name":"wazuh.manager"},"id":"1780423221.5492573","decoder":{"name":"windows_eventchannel"},"data":{"win":{"system":{"providerName":"Microsoft-Windows-Sysmon","providerGuid":"{5770385f-c22a-43e0-bf4c-06f5698ffbd9}","eventID":"11","version":"2","level":"4","task":"11","opcode":"0","keywords":"0x8000000000000000","systemTime":"2026-06-02T18:00:20.6714552Z","eventRecordID":"359","processID":"28304","threadID":"29592","channel":"Microsoft-Windows-Sysmon/Operational","computer":"REHANSIDEAPAD","severityValue":"INFORMATION","message":"\"File created:\r\nRuleName: DLL\r\nUtcTime: 2026-06-02 18:00:17.982\r\nProcessGuid: {0b86c69b-1a31-6a1f-8726-000000001200}\r\nProcessId: 28472\r\nImage: C:\\Users\\rehan\\Downloads\\LightningDrops_v2 (2).exe\r\nTargetFilename: C:\\Users\\rehan\\AppData\\Local\\Temp\\_MEI284722\\VCRUNTIME140_1.dll\r\nCreationUtcTime: 2026-06-02 18:00:17.982\r\nUser: REHANSIDEAPAD\\rehan\""},"eventdata":{"ruleName":"DLL","utcTime":"2026-06-02 18:00:17.982","processGuid":"{0b86c69b-1a31-6a1f-8726-000000001200}","processId":"28472","image":"C:\\\\Users\\\\rehan\\\\Downloads\\\\LightningDrops_v2 (2).exe","targetFilename":"C:\\\\Users\\\\rehan\\\\AppData\\\\Local\\\\Temp\\\\_MEI284722\\\\VCRUNTIME140_1.dll","creationUtcTime":"2026-06-02 18:00:17.982","user":"REHANSIDEAPAD\\\\rehan"}}},"location":"EventChannel"}
{"timestamp":"2026-06-02T18:00:28.822+0000","rule":{"level":15,"description":"Executable file dropped in folder commonly used by malware","id":"92213","mitre":{"id":["T1105"],"tactic":["Command and Control"],"technique":["Ingress Tool Transfer"]},"firedtimes":4,"mail":true,"groups":["sysmon","sysmon_eid11_detections","windows"]},"agent":{"id":"001","name":"RehanIdePad","ip":"127.0.0.1"},"manager":{"name":"wazuh.manager"},"id":"1780423228.5495338","decoder":{"name":"windows_eventchannel"},"data":{"win":{"system":{"providerName":"Microsoft-Windows-Sysmon","providerGuid":"{5770385f-c22a-43e0-bf4c-06f5698ffbd9}","eventID":"11","version":"2","level":"4","task":"11","opcode":"0","keywords":"0x8000000000000000","systemTime":"2026-06-02T18:00:28.1763515Z","eventRecordID":"368","processID":"28304","threadID":"29592","channel":"Microsoft-Windows-Sysmon/Operational","computer":"REHANSIDEAPAD","severityValue":"INFORMATION","message":"\"File created:\r\nRuleName: -\r\nUtcTime: 2026-06-02 18:00:28.044\r\nProcessGuid: {0b86c69b-1a3b-6a1f-8a26-000000001200}\r\nProcessId: 9212\r\nImage: C:\\WINDOWS\\System32\\WindowsPowerShell\\v1.0\\powershell.exe\r\nTargetFilename: C:\\Users\\rehan\\AppData\\Local\\Temp\\__PSScriptPolicyTest_ymvr55qp.2dn.ps1\r\nCreationUtcTime: 2026-06-02 18:00:28.043\r\nUser: REHANSIDEAPAD\\rehan\""},"eventdata":{"utcTime":"2026-06-02 18:00:28.044","processGuid":"{0b86c69b-1a3b-6a1f-8a26-000000001200}","processId":"9212","image":"C:\\\\WINDOWS\\\\System32\\\\WindowsPowerShell\\\\v1.0\\\\powershell.exe","targetFilename":"C:\\\\Users\\\\rehan\\\\AppData\\\\Local\\\\Temp\\\\__PSScriptPolicyTest_ymvr55qp.2dn.ps1","creationUtcTime":"2026-06-02 18:00:28.043","user":"REHANSIDEAPAD\\\\rehan"}}},"location":"EventChannel"}
{"timestamp":"2026-06-02T18:01:00.681+0000","rule":{"level":6,"description":"Powershell executed script from suspicious location","id":"92029","mitre":{"id":["T1059.001"],"tactic":["Execution"],"technique":["PowerShell"]},"firedtimes":1,"mail":false,"groups":["sysmon","sysmon_eid1_detections","windows"]},"agent":{"id":"001","name":"RehanIdePad","ip":"127.0.0.1"},"manager":{"name":"wazuh.manager"},"id":"1780423260.5498110","decoder":{"name":"windows_eventchannel"},"data":{"win":{"system":{"providerName":"Microsoft-Windows-Sysmon","providerGuid":"{5770385f-c22a-43e0-bf4c-06f5698ffbd9}","eventID":"1","version":"5","level":"4","task":"1","opcode":"0","keywords":"0x8000000000000000","systemTime":"2026-06-02T18:00:59.6649585Z","eventRecordID":"374","processID":"28304","threadID":"29592","channel":"Microsoft-Windows-Sysmon/Operational","computer":"REHANSIDEAPAD","severityValue":"INFORMATION","message":"\"Process Create:\r\nRuleName: -\r\nUtcTime: 2026-06-02 18:00:59.514\r\nProcessGuid: {0b86c69b-1a5b-6a1f-9326-000000001200}\r\nProcessId: 15652\r\nImage: C:\\Windows\\System32\\WindowsPowerShell\\v1.0\\powershell.exe\r\nFileVersion: 10.0.26100.5074 (WinBuild.160101.0800)\r\nDescription: Windows PowerShell\r\nProduct: Microsoft┬« Windows┬« Operating System\r\nCompany: Microsoft Corporation\r\nOriginalFileName: PowerShell.EXE\r\nCommandLine: powershell -Command \"docker exec single-node-wazuh.manager-1 bash -c \\\"tail -6 /var/ossec/logs/alerts/alerts.json\\\" | Out-File -FilePath \\\"C:\\Users\\rehan\\Videos\\project\\sentinelforge\\test-alerts.json\\\" -Encoding UTF8; Get-Content \\\"C:\\Users\\rehan\\Videos\\project\\sentinelforge\\test-alerts.json\\\"\"\r\nCurrentDirectory: c:\\Users\\rehan\\Videos\\project\\sentinelforge\\\r\nUser: REHANSIDEAPAD\\rehan\r\nLogonGuid: {0b86c69b-cdcc-6a1e-d74d-040000000000}\r\nLogonId: 0x44DD7\r\nTerminalSessionId: 1\r\nIntegrityLevel: Medium\r\nHashes: MD5=A97E6573B97B44C96122BFA543A82EA1,SHA256=0FF6F2C94BC7E2833A5F7E16DE1622E5DBA70396F31C7D5F56381870317E8C46,IMPHASH=AFACF6DC9041114B198160AAB4D0AE77\r\nParentProcessGuid: {0b86c69b-1576-6a1f-cd23-000000001200}\r\nParentProcessId: 460\r\nParentImage: C:\\Users\\rehan\\AppData\\Local\\Programs\\Antigravity IDE\\resources\\app\\extensions\\antigravity\\bin\\language_server_windows_x64.exe\r\nParentCommandLine: \"c:\\Users\\rehan\\AppData\\Local\\Programs\\Antigravity IDE\\resources\\app\\extensions\\antigravity\\bin\\language_server_windows_x64.exe\" --csrf_token 79862c22-9ff3-4588-ac78-6e039f002739 --extension_server_port 61532 --extension_server_csrf_token 24ab26e3-7ffc-45e4-999c-40275d4b31ae --app_data_dir antigravity-ide --subclient_type ide --cloud_code_endpoint https://cloudcode-pa.googleapis.com\r\nParentUser: REHANSIDEAPAD\\rehan\""},"eventdata":{"utcTime":"2026-06-02 18:00:59.514","processGuid":"{0b86c69b-1a5b-6a1f-9326-000000001200}","processId":"15652","image":"C:\\\\Windows\\\\System32\\\\WindowsPowerShell\\\\v1.0\\\\powershell.exe","fileVersion":"10.0.26100.5074 (WinBuild.160101.0800)","description":"Windows PowerShell","product":"Microsoft┬« Windows┬« Operating System","company":"Microsoft Corporation","originalFileName":"PowerShell.EXE","commandLine":"powershell -Command \\\"docker exec single-node-wazuh.manager-1 bash -c \\\\\\\"tail -6 /var/ossec/logs/alerts/alerts.json\\\\\\\" | Out-File -FilePath \\\\\\\"C:\\\\Users\\\\rehan\\\\Videos\\\\project\\\\sentinelforge\\\\test-alerts.json\\\\\\\" -Encoding UTF8; Get-Content \\\\\\\"C:\\\\Users\\\\rehan\\\\Videos\\\\project\\\\sentinelforge\\\\test-alerts.json\\\\\\\"\\\"","currentDirectory":"c:\\\\Users\\\\rehan\\\\Videos\\\\project\\\\sentinelforge\\\\","user":"REHANSIDEAPAD\\\\rehan","logonGuid":"{0b86c69b-cdcc-6a1e-d74d-040000000000}","logonId":"0x44dd7","terminalSessionId":"1","integrityLevel":"Medium","hashes":"MD5=A97E6573B97B44C96122BFA543A82EA1,SHA256=0FF6F2C94BC7E2833A5F7E16DE1622E5DBA70396F31C7D5F56381870317E8C46,IMPHASH=AFACF6DC9041114B198160AAB4D0AE77","parentProcessGuid":"{0b86c69b-1576-6a1f-cd23-000000001200}","parentProcessId":"460","parentImage":"C:\\\\Users\\\\rehan\\\\A
